<?xml version="1.0" encoding="UTF-8"?>
<!-- Generated by org.testng.reporters.JUnitReportReporter -->
<testsuite hostname="Aditya-Laptop" name="com.automationsnap.TestCase.NotReadyReasonCodeValidation" tests="2" failures="0" timestamp="29 Aug 2018 11:21:14 GMT" time="122.645" errors="0">
  <testcase name="to_Validate_Sign_Reason_Code" time="70.430" classname="com.automationsnap.TestCase.NotReadyReasonCodeValidation"/>
  <testcase name="to_Validate_Selected_NotReady_RC_State" time="52.215" classname="com.automationsnap.TestCase.NotReadyReasonCodeValidation"/>
</testsuite> <!-- com.automationsnap.TestCase.NotReadyReasonCodeValidation -->
