<?xml version="1.0" encoding="UTF-8"?>
<!-- Generated by org.testng.reporters.JUnitReportReporter -->
<testsuite hostname="Aditya-Laptop" name="com.agentaDemo.AgentaTestCase.NotReadyAgenttoAgentCall" tests="1" failures="0" timestamp="6 Aug 2018 11:54:57 GMT" time="8.372" errors="0">
  <testcase name="test" time="8.372" classname="com.agentaDemo.AgentaTestCase.NotReadyAgenttoAgentCall"/>
</testsuite> <!-- com.agentaDemo.AgentaTestCase.NotReadyAgenttoAgentCall -->
