<?xml version="1.0" encoding="UTF-8"?>
<!-- Generated by org.testng.reporters.JUnitReportReporter -->
<testsuite hostname="Aditya-Laptop" name="com.agentaDemo.AgentaTestCase.LoginAndLogOutValidation" tests="1" failures="0" timestamp="7 Aug 2018 15:07:29 GMT" time="62.390" errors="0">
  <testcase name="to_Validate_Logout_with_Reason_Code" time="62.390" classname="com.agentaDemo.AgentaTestCase.LoginAndLogOutValidation"/>
</testsuite> <!-- com.agentaDemo.AgentaTestCase.LoginAndLogOutValidation -->
