<?xml version="1.0" encoding="UTF-8"?>
<!-- Generated by org.testng.reporters.JUnitReportReporter -->
<testsuite hostname="Aditya-Laptop" name="com.automationsnap.TestCase.LoginAndLogOutValidationPopup" tests="1" failures="0" timestamp="24 Aug 2018 08:43:16 GMT" time="70.223" errors="0">
  <testcase name="to_Validate_Logout_with_Reason_Code_with_PopUp" time="70.223" classname="com.automationsnap.TestCase.LoginAndLogOutValidationPopup"/>
</testsuite> <!-- com.automationsnap.TestCase.LoginAndLogOutValidationPopup -->
