<?xml version="1.0" encoding="UTF-8"?>
<!-- Generated by org.testng.reporters.JUnitReportReporter -->
<testsuite hostname="Aditya-Laptop" name="com.automationsnap.TestCase.LoginAndLogOutValidation" tests="3" failures="0" timestamp="29 Aug 2018 12:10:51 GMT" time="153.114" errors="0">
  <testcase name="to_Validate_Logout_without_Reason_Code" time="47.861" classname="com.automationsnap.TestCase.LoginAndLogOutValidation"/>
  <testcase name="to_Validate_Logout_with_Reason_Code" time="52.253" classname="com.automationsnap.TestCase.LoginAndLogOutValidation"/>
  <testcase name="to_Validate_SignOut_And_NotReady_Scroll_Select_ReasonCode" time="53.000" classname="com.automationsnap.TestCase.LoginAndLogOutValidation"/>
</testsuite> <!-- com.automationsnap.TestCase.LoginAndLogOutValidation -->
