<?xml version="1.0" encoding="UTF-8"?>
<!-- Generated by org.testng.reporters.JUnitReportReporter -->
<testsuite hostname="Aditya-Laptop" name="com.agentaDemo.AgentaTestCase.NotReady_Wrapupreasoncode" tests="1" failures="0" timestamp="7 Aug 2018 15:12:12 GMT" time="110.299" errors="0">
  <testcase name="to_validate_Wrapup_ReasonCode_Not_Ready" time="110.299" classname="com.agentaDemo.AgentaTestCase.NotReady_Wrapupreasoncode"/>
</testsuite> <!-- com.agentaDemo.AgentaTestCase.NotReady_Wrapupreasoncode -->
