<?xml version="1.0" encoding="UTF-8"?>
<!-- Generated by org.testng.reporters.JUnitReportReporter -->
<testsuite hostname="Aditya-Laptop" name="com.automationsnap.TestCase.NotReady_Transfer" tests="1" failures="0" timestamp="30 Aug 2018 08:07:14 GMT" time="118.829" errors="0">
  <testcase name="to_validate_Transfer_for_three_User_in_Not_Ready" time="118.829" classname="com.automationsnap.TestCase.NotReady_Transfer"/>
</testsuite> <!-- com.automationsnap.TestCase.NotReady_Transfer -->
