<?xml version="1.0" encoding="UTF-8"?>
<!-- Generated by org.testng.reporters.JUnitReportReporter -->
<testsuite hostname="Aditya-Laptop" name="com.agentaDemo.AgentaTestCase.NotReady_Conference_Popup" tests="1" failures="0" timestamp="7 Aug 2018 15:22:37 GMT" time="0.099" errors="1">
  <testcase name="to_validate_Conference_for_three_User_in_Not_Ready_with_PopUp" time="0.099" classname="com.agentaDemo.AgentaTestCase.NotReady_Conference_Popup">
    <error type="org.testng.TestNGException" message="
The data provider is trying to pass 15 parameters but the method com.agentaDemo.AgentaTestCase.NotReady_Conference_Popup#to_validate_Conference_for_three_User_in_Not_Ready_with_PopUp takes 12">
      <![CDATA[org.testng.TestNGException: 
The data provider is trying to pass 15 parameters but the method com.agentaDemo.AgentaTestCase.NotReady_Conference_Popup#to_validate_Conference_for_three_User_in_Not_Ready_with_PopUp takes 12
	at org.testng.internal.Invoker.injectParameters(Invoker.java:1229)
	at org.testng.internal.Invoker.invokeTestMethods(Invoker.java:1122)
	at org.testng.internal.TestMethodWorker.invokeTestMethods(TestMethodWorker.java:129)
	at org.testng.internal.TestMethodWorker.run(TestMethodWorker.java:112)
	at org.testng.TestRunner.privateRun(TestRunner.java:782)
	at org.testng.TestRunner.run(TestRunner.java:632)
	at org.testng.SuiteRunner.runTest(SuiteRunner.java:366)
	at org.testng.SuiteRunner.runSequentially(SuiteRunner.java:361)
	at org.testng.SuiteRunner.privateRun(SuiteRunner.java:319)
	at org.testng.SuiteRunner.run(SuiteRunner.java:268)
	at org.testng.SuiteRunnerWorker.runSuite(SuiteRunnerWorker.java:52)
	at org.testng.SuiteRunnerWorker.run(SuiteRunnerWorker.java:86)
	at org.testng.TestNG.runSuitesSequentially(TestNG.java:1244)
	at org.testng.TestNG.runSuitesLocally(TestNG.java:1169)
	at org.testng.TestNG.run(TestNG.java:1064)
	at org.testng.remote.AbstractRemoteTestNG.run(AbstractRemoteTestNG.java:114)
	at org.testng.remote.RemoteTestNG.initAndRun(RemoteTestNG.java:251)
	at org.testng.remote.RemoteTestNG.main(RemoteTestNG.java:77)
]]>
    </error>
  </testcase> <!-- to_validate_Conference_for_three_User_in_Not_Ready_with_PopUp -->
</testsuite> <!-- com.agentaDemo.AgentaTestCase.NotReady_Conference_Popup -->
