<?xml version="1.0" encoding="UTF-8"?>
<!-- Generated by org.testng.reporters.JUnitReportReporter -->
<testsuite hostname="Aditya-Laptop" name="com.automationsnap.TestCase.NotReadyReasonCodeValidation" tests="2" failures="0" timestamp="29 Aug 2018 15:54:40 GMT" time="136.393" errors="0">
  <testcase name="to_Validate_Selected_NotReady_RC_State" time="56.490" classname="com.automationsnap.TestCase.NotReadyReasonCodeValidation"/>
  <testcase name="to_Validate_NotReady_RC_AfterRefresh" time="79.903" classname="com.automationsnap.TestCase.NotReadyReasonCodeValidation"/>
</testsuite> <!-- com.automationsnap.TestCase.NotReadyReasonCodeValidation -->
