<?xml version="1.0" encoding="UTF-8"?>
<!-- Generated by org.testng.reporters.JUnitReportReporter -->
<testsuite hostname="Aditya-Laptop" name="com.automationsnap.TestCase.NotReady_Conference" tests="1" failures="0" timestamp="29 Aug 2018 12:44:06 GMT" time="121.784" errors="0">
  <testcase name="to_validate_Conference_for_three_User_in_Not_Ready" time="121.784" classname="com.automationsnap.TestCase.NotReady_Conference"/>
</testsuite> <!-- com.automationsnap.TestCase.NotReady_Conference -->
