<?xml version="1.0" encoding="UTF-8"?>
<!-- Generated by org.testng.reporters.JUnitReportReporter -->
<testsuite hostname="Aditya-Laptop" name="com.automationsnap.TestCase.NotReady_Wrapupreasoncode" tests="1" failures="0" timestamp="29 Aug 2018 12:44:06 GMT" time="102.726" errors="0">
  <testcase name="to_validate_Wrapup_ReasonCode_Not_Ready" time="102.726" classname="com.automationsnap.TestCase.NotReady_Wrapupreasoncode"/>
</testsuite> <!-- com.automationsnap.TestCase.NotReady_Wrapupreasoncode -->
