<?xml version="1.0" encoding="UTF-8"?>
<!-- Generated by org.testng.reporters.JUnitReportReporter -->
<testsuite hostname="Aditya-Laptop" name="com.automationsnap.TestCase.LoginAndLogOutValidation" tests="3" failures="0" timestamp="29 Aug 2018 15:54:40 GMT" time="151.710" errors="0">
  <testcase name="to_Validate_Logout_without_Reason_Code" time="49.174" classname="com.automationsnap.TestCase.LoginAndLogOutValidation"/>
  <testcase name="to_Validate_SignOut_And_NotReady_Scroll_Select_ReasonCode" time="55.145" classname="com.automationsnap.TestCase.LoginAndLogOutValidation"/>
  <testcase name="to_Validate_Logout_with_Reason_Code" time="47.391" classname="com.automationsnap.TestCase.LoginAndLogOutValidation"/>
</testsuite> <!-- com.automationsnap.TestCase.LoginAndLogOutValidation -->
