<?xml version="1.0" encoding="UTF-8"?>
<!-- Generated by org.testng.reporters.JUnitReportReporter -->
<testsuite hostname="Aditya-Laptop" name="com.agentaDemo.AgentaTestCase.NotReadyAgenttoAgentCall" tests="1" failures="0" timestamp="2 Aug 2018 11:25:49 GMT" time="19.102" errors="0">
  <testcase name="sampleTest" time="19.102" classname="com.agentaDemo.AgentaTestCase.NotReadyAgenttoAgentCall"/>
</testsuite> <!-- com.agentaDemo.AgentaTestCase.NotReadyAgenttoAgentCall -->
