<?xml version="1.0" encoding="UTF-8"?>
<!-- Generated by org.testng.reporters.JUnitReportReporter -->
<testsuite hostname="Aditya-Laptop" name="com.agentaDemo.AgentaTestCase.NotReady_Conference" tests="1" failures="0" timestamp="7 Aug 2018 14:33:56 GMT" time="194.779" errors="0">
  <testcase name="to_validate_Conference_for_three_User_in_Not_Ready" time="194.779" classname="com.agentaDemo.AgentaTestCase.NotReady_Conference"/>
</testsuite> <!-- com.agentaDemo.AgentaTestCase.NotReady_Conference -->
