<?xml version="1.0" encoding="UTF-8"?>
<!-- Generated by org.testng.reporters.JUnitReportReporter -->
<testsuite hostname="Aditya-Laptop" name="com.agentaDemo.AgentaTestCase.NotReady_Wrapupreasoncode" tests="1" failures="0" timestamp="8 Aug 2018 12:52:39 GMT" time="112.468" errors="0">
  <testcase name="to_validate_Wrapup_ReasonCode_Not_Ready" time="112.468" classname="com.agentaDemo.AgentaTestCase.NotReady_Wrapupreasoncode"/>
</testsuite> <!-- com.agentaDemo.AgentaTestCase.NotReady_Wrapupreasoncode -->
