<?xml version="1.0" encoding="UTF-8"?>
<!-- Generated by org.testng.reporters.JUnitReportReporter -->
<testsuite hostname="Aditya-Laptop" name="com.agentaDemo.AgentaTestCase.NotReady_Wrapupreasoncode_PopUp" tests="1" failures="0" timestamp="8 Aug 2018 15:31:10 GMT" time="156.918" errors="0">
  <testcase name="to_validate_Wrapup_ReasonCode_Not_Ready_with_PopUp" time="156.918" classname="com.agentaDemo.AgentaTestCase.NotReady_Wrapupreasoncode_PopUp"/>
</testsuite> <!-- com.agentaDemo.AgentaTestCase.NotReady_Wrapupreasoncode_PopUp -->
