<?xml version="1.0" encoding="UTF-8"?>
<!-- Generated by org.testng.reporters.JUnitReportReporter -->
<testsuite hostname="Aditya-Laptop" name="com.agentaDemo.AgentaTestCase.NotReady_Conference_Popup" tests="1" failures="0" timestamp="8 Aug 2018 15:31:10 GMT" time="253.833" errors="0">
  <testcase name="to_validate_Conference_for_three_User_in_Not_Ready_with_PopUp" time="253.833" classname="com.agentaDemo.AgentaTestCase.NotReady_Conference_Popup"/>
</testsuite> <!-- com.agentaDemo.AgentaTestCase.NotReady_Conference_Popup -->
