<?xml version="1.0" encoding="UTF-8"?>
<!-- Generated by org.testng.reporters.JUnitReportReporter -->
<testsuite hostname="Aditya-Laptop" name="com.agentaDemo.AgentaTestCase.LoginAndLogOutValidation" tests="1" failures="0" timestamp="8 Aug 2018 10:29:44 GMT" time="56.516" errors="0">
  <testcase name="to_Validate_Logout_with_Reason_Code" time="56.516" classname="com.agentaDemo.AgentaTestCase.LoginAndLogOutValidation"/>
</testsuite> <!-- com.agentaDemo.AgentaTestCase.LoginAndLogOutValidation -->
